<?xml version="1.0" encoding="UTF-8"?>
<testng-results ignored="0" total="1" passed="1" failed="0" skipped="0">
  <reporter-output>
  </reporter-output>
  <suite started-at="2025-02-04T17:41:50Z" name="Default suite" finished-at="2025-02-04T17:42:13Z" duration-ms="22551">
    <groups>
    </groups>
    <test started-at="2025-02-04T17:41:50Z" name="Default test" finished-at="2025-02-04T17:42:13Z" duration-ms="22551">
      <class name="test.PeriplusTest">
        <test-method is-config="true" signature="initTest()[pri:0, instance:test.PeriplusTest@57db2b13]" started-at="2025-02-04T17:41:50Z" name="initTest" finished-at="2025-02-04T17:41:58Z" duration-ms="7284" status="PASS">
          <reporter-output>
          </reporter-output>
        </test-method> <!-- initTest -->
        <test-method signature="myTest()[pri:0, instance:test.PeriplusTest@57db2b13]" started-at="2025-02-04T17:41:58Z" name="myTest" finished-at="2025-02-04T17:42:13Z" duration-ms="15023" status="PASS">
          <reporter-output>
          </reporter-output>
        </test-method> <!-- myTest -->
        <test-method is-config="true" signature="tearDown()[pri:0, instance:test.PeriplusTest@57db2b13]" started-at="2025-02-04T17:42:13Z" name="tearDown" finished-at="2025-02-04T17:42:13Z" duration-ms="228" status="PASS">
          <reporter-output>
          </reporter-output>
        </test-method> <!-- tearDown -->
      </class> <!-- test.PeriplusTest -->
    </test> <!-- Default test -->
  </suite> <!-- Default suite -->
</testng-results>
